2019-09-17 09:15:13,552 INFO com.switching.SwitchingApplication [main] Starting SwitchingApplication on Bonggals-MacBook-Pro.local with PID 1032 (/Users/bonggalbaringinsiahaan/Documents/G2Academy/Proyek/Project/Switching/target/classes started by bonggalbaringinsiahaan in /Users/bonggalbaringinsiahaan/Documents/G2Academy/Proyek/Project/Switching)
2019-09-17 09:15:13,556 DEBUG com.switching.SwitchingApplication [main] Running with Spring Boot v2.1.8.RELEASE, Spring v5.1.9.RELEASE
2019-09-17 09:15:13,557 INFO com.switching.SwitchingApplication [main] No active profile set, falling back to default profiles: default
2019-09-17 09:15:16,449 INFO com.switching.SwitchingApplication [main] Started SwitchingApplication in 3.203 seconds (JVM running for 9.275)
2019-09-17 10:19:20,164 INFO com.switching.controller.TransferController [http-nio-8082-exec-2] Transfer to 002 by Account '2'
2019-09-17 10:19:40,112 INFO com.switching.SwitchingApplication [main] Starting SwitchingApplication on Bonggals-MacBook-Pro.local with PID 9908 (/Users/bonggalbaringinsiahaan/Documents/G2Academy/Proyek/Project/Switching/target/classes started by bonggalbaringinsiahaan in /Users/bonggalbaringinsiahaan/Documents/G2Academy/Proyek/Project/Switching)
2019-09-17 10:19:40,113 DEBUG com.switching.SwitchingApplication [main] Running with Spring Boot v2.1.8.RELEASE, Spring v5.1.9.RELEASE
2019-09-17 10:19:40,114 INFO com.switching.SwitchingApplication [main] No active profile set, falling back to default profiles: default
2019-09-17 10:19:42,470 INFO com.switching.SwitchingApplication [main] Started SwitchingApplication in 2.6 seconds (JVM running for 8.383)
2019-09-17 10:21:13,015 INFO com.switching.controller.TransferController [http-nio-8082-exec-1] Transfer to 002 by Account '2'
2019-09-17 10:29:32,472 INFO com.switching.SwitchingApplication [main] Starting SwitchingApplication on Bonggals-MacBook-Pro.local with PID 12094 (/Users/bonggalbaringinsiahaan/Documents/G2Academy/Proyek/Project/Switching/target/classes started by bonggalbaringinsiahaan in /Users/bonggalbaringinsiahaan/Documents/G2Academy/Proyek/Project/Switching)
2019-09-17 10:29:32,474 DEBUG com.switching.SwitchingApplication [main] Running with Spring Boot v2.1.8.RELEASE, Spring v5.1.9.RELEASE
2019-09-17 10:29:32,474 INFO com.switching.SwitchingApplication [main] No active profile set, falling back to default profiles: default
2019-09-17 10:29:34,840 INFO com.switching.SwitchingApplication [main] Started SwitchingApplication in 2.612 seconds (JVM running for 8.308)
2019-09-17 10:39:14,037 INFO com.switching.SwitchingApplication [main] Starting SwitchingApplication on Bonggals-MacBook-Pro.local with PID 14240 (/Users/bonggalbaringinsiahaan/Documents/G2Academy/Proyek/Project/Switching/target/classes started by bonggalbaringinsiahaan in /Users/bonggalbaringinsiahaan/Documents/G2Academy/Proyek/Project/Switching)
2019-09-17 10:39:14,040 DEBUG com.switching.SwitchingApplication [main] Running with Spring Boot v2.1.8.RELEASE, Spring v5.1.9.RELEASE
2019-09-17 10:39:14,040 INFO com.switching.SwitchingApplication [main] No active profile set, falling back to default profiles: default
2019-09-17 10:39:16,469 INFO com.switching.SwitchingApplication [main] Started SwitchingApplication in 2.799 seconds (JVM running for 8.817)
2019-09-17 10:41:19,051 INFO com.switching.SwitchingApplication [main] Starting SwitchingApplication on Bonggals-MacBook-Pro.local with PID 14684 (/Users/bonggalbaringinsiahaan/Documents/G2Academy/Proyek/Project/Switching/target/classes started by bonggalbaringinsiahaan in /Users/bonggalbaringinsiahaan/Documents/G2Academy/Proyek/Project/Switching)
2019-09-17 10:41:19,052 DEBUG com.switching.SwitchingApplication [main] Running with Spring Boot v2.1.8.RELEASE, Spring v5.1.9.RELEASE
2019-09-17 10:41:19,052 INFO com.switching.SwitchingApplication [main] No active profile set, falling back to default profiles: default
2019-09-17 10:41:20,845 INFO com.switching.SwitchingApplication [main] Started SwitchingApplication in 2.096 seconds (JVM running for 7.854)
2019-09-17 10:46:15,137 INFO com.switching.SwitchingApplication [main] Starting SwitchingApplication on Bonggals-MacBook-Pro.local with PID 15671 (/Users/bonggalbaringinsiahaan/Documents/G2Academy/Proyek/Project/Switching/target/classes started by bonggalbaringinsiahaan in /Users/bonggalbaringinsiahaan/Documents/G2Academy/Proyek/Project/Switching)
2019-09-17 10:46:15,138 DEBUG com.switching.SwitchingApplication [main] Running with Spring Boot v2.1.8.RELEASE, Spring v5.1.9.RELEASE
2019-09-17 10:46:15,139 INFO com.switching.SwitchingApplication [main] No active profile set, falling back to default profiles: default
2019-09-17 10:46:17,334 INFO com.switching.SwitchingApplication [main] Started SwitchingApplication in 2.412 seconds (JVM running for 8.15)
2019-09-17 10:51:16,642 INFO com.switching.SwitchingApplication [main] Starting SwitchingApplication on Bonggals-MacBook-Pro.local with PID 16872 (/Users/bonggalbaringinsiahaan/Documents/G2Academy/Proyek/Project/Switching/target/classes started by bonggalbaringinsiahaan in /Users/bonggalbaringinsiahaan/Documents/G2Academy/Proyek/Project/Switching)
2019-09-17 10:51:16,648 DEBUG com.switching.SwitchingApplication [main] Running with Spring Boot v2.1.8.RELEASE, Spring v5.1.9.RELEASE
2019-09-17 10:51:16,650 INFO com.switching.SwitchingApplication [main] No active profile set, falling back to default profiles: default
2019-09-17 10:51:18,528 INFO com.switching.SwitchingApplication [main] Started SwitchingApplication in 2.161 seconds (JVM running for 8.07)
2019-09-17 10:57:49,517 INFO com.switching.SwitchingApplication [main] Starting SwitchingApplication on Bonggals-MacBook-Pro.local with PID 18344 (/Users/bonggalbaringinsiahaan/Documents/G2Academy/Proyek/Project/Switching/target/classes started by bonggalbaringinsiahaan in /Users/bonggalbaringinsiahaan/Documents/G2Academy/Proyek/Project/Switching)
2019-09-17 10:57:49,518 DEBUG com.switching.SwitchingApplication [main] Running with Spring Boot v2.1.8.RELEASE, Spring v5.1.9.RELEASE
2019-09-17 10:57:49,519 INFO com.switching.SwitchingApplication [main] No active profile set, falling back to default profiles: default
2019-09-17 10:57:52,202 INFO com.switching.SwitchingApplication [main] Started SwitchingApplication in 2.954 seconds (JVM running for 8.598)
