2019-09-18 09:59:37,975 INFO com.bank.AtmApplication [main] Starting AtmApplication on Bonggals-MacBook-Pro.local with PID 1377 (/Users/bonggalbaringinsiahaan/Documents/G2Academy/Proyek/Project/Program2/target/classes started by bonggalbaringinsiahaan in /Users/bonggalbaringinsiahaan/Documents/G2Academy/Proyek/Project/Program2)
2019-09-18 09:59:37,996 DEBUG com.bank.AtmApplication [main] Running with Spring Boot v2.1.8.RELEASE, Spring v5.1.9.RELEASE
2019-09-18 09:59:37,997 INFO com.bank.AtmApplication [main] The following profiles are active: rpc,server
2019-09-18 09:59:39,412 INFO com.bank.client.Client [main] ATM localhost:8090 used.
2019-09-18 09:59:42,450 INFO com.bank.client.Client [main] ATM localhost:8091 used.
2019-09-18 10:03:01,935 INFO com.bank.AtmApplication [main] Starting AtmApplication on Bonggals-MacBook-Pro.local with PID 2154 (/Users/bonggalbaringinsiahaan/Documents/G2Academy/Proyek/Project/Program2/target/classes started by bonggalbaringinsiahaan in /Users/bonggalbaringinsiahaan/Documents/G2Academy/Proyek/Project/Program2)
2019-09-18 10:03:01,937 DEBUG com.bank.AtmApplication [main] Running with Spring Boot v2.1.8.RELEASE, Spring v5.1.9.RELEASE
2019-09-18 10:03:01,937 INFO com.bank.AtmApplication [main] The following profiles are active: rpc,server
2019-09-18 10:03:05,424 INFO com.bank.AtmApplication [main] Started AtmApplication in 3.814 seconds (JVM running for 9.636)
2019-09-18 10:03:05,574 INFO com.bank.service.AccountService [org.springframework.amqp.rabbit.RabbitListenerEndpointContainer#0-1] Login success for account '12345';
2019-09-18 10:03:05,600 WARN com.bank.service.AccountService [org.springframework.amqp.rabbit.RabbitListenerEndpointContainer#0-1] Login failed for account '23456';
2019-09-18 10:03:46,684 INFO com.bank.service.AccountService [org.springframework.amqp.rabbit.RabbitListenerEndpointContainer#0-1] Login success for account '12345';
2019-09-18 10:03:46,691 INFO com.bank.controller.WithdrawalController [org.springframework.amqp.rabbit.RabbitListenerEndpointContainer#0-1] Cash withdraw from ATM 'localhost:8090'; Amount: '000000050000'; Account: '12345'
2019-09-18 10:03:54,290 INFO com.bank.service.AccountService [org.springframework.amqp.rabbit.RabbitListenerEndpointContainer#0-1] Login success for account '12345';
2019-09-18 10:05:49,739 INFO com.bank.client.Client [main] ATM localhost:8090 used.
2019-09-18 10:05:52,886 INFO com.bank.client.Client [main] ATM localhost:8091 used.
2019-09-18 10:08:38,566 INFO com.bank.service.AccountService [org.springframework.amqp.rabbit.RabbitListenerEndpointContainer#0-1] Login success for account '23456';
2019-09-18 10:08:38,571 INFO com.bank.service.TransferExternalService [org.springframework.amqp.rabbit.RabbitListenerEndpointContainer#0-1] Transfer inquiry created for Account: '23456' to Beneficiary: '0123' (Bank code: '002'); Amount: '000000106500';
2019-09-18 10:08:40,735 INFO com.bank.service.TransferExternalService [org.springframework.amqp.rabbit.RabbitListenerEndpointContainer#0-1] Transfer performed for Account: '23456' to Beneficiary: '0123' (Bank code: '002'); Amount: '000000106500';
2019-09-18 10:10:13,221 INFO com.bank.service.AccountService [org.springframework.amqp.rabbit.RabbitListenerEndpointContainer#0-1] Login success for account '23456';
2019-09-18 10:10:13,225 INFO com.bank.service.TransferExternalService [org.springframework.amqp.rabbit.RabbitListenerEndpointContainer#0-1] Transfer inquiry created for Account: '23456' to Beneficiary: '0123' (Bank code: '002'); Amount: '000000007500';
2019-09-18 10:10:14,985 INFO com.bank.service.TransferExternalService [org.springframework.amqp.rabbit.RabbitListenerEndpointContainer#0-1] Transfer performed for Account: '23456' to Beneficiary: '0123' (Bank code: '002'); Amount: '000000007500';
2019-09-18 10:11:09,668 INFO com.bank.AtmApplication [main] Starting AtmApplication on Bonggals-MacBook-Pro.local with PID 3654 (/Users/bonggalbaringinsiahaan/Documents/G2Academy/Proyek/Project/Program2/target/classes started by bonggalbaringinsiahaan in /Users/bonggalbaringinsiahaan/Documents/G2Academy/Proyek/Project/Program2)
2019-09-18 10:11:09,670 DEBUG com.bank.AtmApplication [main] Running with Spring Boot v2.1.8.RELEASE, Spring v5.1.9.RELEASE
2019-09-18 10:11:09,670 INFO com.bank.AtmApplication [main] The following profiles are active: rpc,server
2019-09-18 10:11:14,573 INFO com.bank.client.Client [main] ATM localhost:8090 used.
2019-09-18 10:11:16,708 INFO com.bank.AtmApplication [main] Started AtmApplication in 7.362 seconds (JVM running for 13.168)
2019-09-18 10:11:18,249 INFO com.bank.client.Client [main] ATM localhost:8091 used.
2019-09-18 10:11:25,481 INFO com.bank.service.AccountService [org.springframework.amqp.rabbit.RabbitListenerEndpointContainer#0-1] Account '2345' is not found;
2019-09-18 10:11:47,548 INFO com.bank.service.AccountService [org.springframework.amqp.rabbit.RabbitListenerEndpointContainer#0-1] Login success for account '23456';
2019-09-18 10:11:47,555 INFO com.bank.service.TransferExternalService [org.springframework.amqp.rabbit.RabbitListenerEndpointContainer#0-1] Transfer inquiry created for Account: '23456' to Beneficiary: '0123' (Bank code: '002'); Amount: '000000029956';
2019-09-18 10:11:49,111 INFO com.bank.service.TransferExternalService [org.springframework.amqp.rabbit.RabbitListenerEndpointContainer#0-1] Transfer performed for Account: '23456' to Beneficiary: '0123' (Bank code: '002'); Amount: '000000029956';
2019-09-18 10:12:04,305 INFO com.bank.service.AccountService [org.springframework.amqp.rabbit.RabbitListenerEndpointContainer#0-1] Login success for account '12345';
2019-09-18 10:12:04,310 INFO com.bank.service.TransferExternalService [org.springframework.amqp.rabbit.RabbitListenerEndpointContainer#0-1] Transfer inquiry created for Account: '12345' to Beneficiary: '0123' (Bank code: '002'); Amount: '000000106500';
2019-09-18 10:12:27,189 INFO com.bank.service.AccountService [org.springframework.amqp.rabbit.RabbitListenerEndpointContainer#0-1] Login success for account '23456';
2019-09-18 10:12:27,196 INFO com.bank.service.TransferService [org.springframework.amqp.rabbit.RabbitListenerEndpointContainer#0-1] Transfer inquiry created for Account: '23456' to Beneficiary: '0'; Amount: '000000010000';
2019-09-18 10:12:29,247 INFO com.bank.service.TransferService [org.springframework.amqp.rabbit.RabbitListenerEndpointContainer#0-1] Transfer perform for Account: '23456' to Beneficiary: '0'; Amount: '000000010000';
2019-09-18 10:12:29,255 INFO com.bank.client.TransferHelper [main] Account '23456' perform '10000' CASH WITHDARWAL
2019-09-18 10:12:51,447 INFO com.bank.service.AccountService [org.springframework.amqp.rabbit.RabbitListenerEndpointContainer#0-1] Login success for account '12345';
2019-09-18 10:12:51,453 INFO com.bank.service.TransferService [org.springframework.amqp.rabbit.RabbitListenerEndpointContainer#0-1] Transfer inquiry created for Account: '12345' to Beneficiary: '0'; Amount: '000001000000';
2019-09-18 10:13:31,749 INFO com.bank.service.AccountService [org.springframework.amqp.rabbit.RabbitListenerEndpointContainer#0-1] Login success for account '12345';
2019-09-18 10:13:47,644 INFO com.bank.service.AccountService [org.springframework.amqp.rabbit.RabbitListenerEndpointContainer#0-1] Login success for account '12345';
2019-09-18 10:13:49,705 INFO com.bank.service.PurchaseService [org.springframework.amqp.rabbit.RabbitListenerEndpointContainer#0-1] Purchasing performed for Account: '12345' to 'PT Telkom Indonesia '; Amount: '000000010000';
2019-09-18 10:14:03,235 INFO com.bank.service.AccountService [org.springframework.amqp.rabbit.RabbitListenerEndpointContainer#0-1] Login success for account '23456';
2019-09-18 10:14:06,152 INFO com.bank.service.PaymentService [org.springframework.amqp.rabbit.RabbitListenerEndpointContainer#0-1] Payment perfomed for Account: '23456' to '1234567890' (Amount: '000000100000');
2019-09-18 10:14:18,694 INFO com.bank.service.AccountService [org.springframework.amqp.rabbit.RabbitListenerEndpointContainer#0-1] Account '123456' is not found;
2019-09-18 10:14:27,626 INFO com.bank.service.AccountService [org.springframework.amqp.rabbit.RabbitListenerEndpointContainer#0-1] Login success for account '12345';
2019-09-18 10:14:34,246 INFO com.bank.client.Client [main] ATM localhost:8090 used.
2019-09-18 10:15:04,813 INFO com.bank.AtmApplication [main] Starting AtmApplication on Bonggals-MacBook-Pro.local with PID 4430 (/Users/bonggalbaringinsiahaan/Documents/G2Academy/Proyek/Project/Program2/target/classes started by bonggalbaringinsiahaan in /Users/bonggalbaringinsiahaan/Documents/G2Academy/Proyek/Project/Program2)
2019-09-18 10:15:04,815 DEBUG com.bank.AtmApplication [main] Running with Spring Boot v2.1.8.RELEASE, Spring v5.1.9.RELEASE
2019-09-18 10:15:04,815 INFO com.bank.AtmApplication [main] The following profiles are active: rpc,server
2019-09-18 10:15:09,197 INFO com.bank.AtmApplication [main] Started AtmApplication in 4.651 seconds (JVM running for 10.717)
2019-09-18 10:49:01,970 INFO com.bank.client.Client [main] ATM localhost:8090 used.
2019-09-18 10:49:06,327 INFO com.bank.client.Client [main] ATM localhost:8091 used.
2019-09-18 11:23:03,457 INFO com.bank.AtmApplication [main] Starting AtmApplication on Bonggals-MacBook-Pro.local with PID 17446 (/Users/bonggalbaringinsiahaan/Documents/G2Academy/Proyek/Project/Program2/target/classes started by bonggalbaringinsiahaan in /Users/bonggalbaringinsiahaan/Documents/G2Academy/Proyek/Project/Program2)
2019-09-18 11:23:03,459 DEBUG com.bank.AtmApplication [main] Running with Spring Boot v2.1.8.RELEASE, Spring v5.1.9.RELEASE
2019-09-18 11:23:03,459 INFO com.bank.AtmApplication [main] The following profiles are active: rpc,server
2019-09-18 11:23:07,322 INFO com.bank.AtmApplication [main] Started AtmApplication in 4.124 seconds (JVM running for 10.043)
2019-09-18 11:23:07,451 INFO com.bank.service.AccountService [org.springframework.amqp.rabbit.RabbitListenerEndpointContainer#0-1] Login success for account '12345';
2019-09-18 11:23:07,475 INFO com.bank.service.AccountService [org.springframework.amqp.rabbit.RabbitListenerEndpointContainer#0-1] Account '23456[' is not found;
2019-09-18 11:24:23,703 INFO com.bank.service.AccountService [org.springframework.amqp.rabbit.RabbitListenerEndpointContainer#0-1] Login success for account '12345';
2019-09-18 11:24:23,709 INFO com.bank.service.TransferExternalService [org.springframework.amqp.rabbit.RabbitListenerEndpointContainer#0-1] Transfer inquiry created for Account: '12345' to Beneficiary: '0123' (Bank code: '002'); Amount: '000000011500';
2019-09-18 11:24:39,474 INFO com.bank.service.TransferExternalService [org.springframework.amqp.rabbit.RabbitListenerEndpointContainer#0-1] Transfer performed for Account: '12345' to Beneficiary: '0123' (Bank code: '002'); Amount: '000000011500';
2019-09-18 11:24:50,948 INFO com.bank.service.AccountService [org.springframework.amqp.rabbit.RabbitListenerEndpointContainer#0-1] Login success for account '12345';
2019-09-18 11:25:21,440 INFO com.bank.service.AccountService [org.springframework.amqp.rabbit.RabbitListenerEndpointContainer#0-1] Login success for account '12345';
2019-09-18 11:25:40,719 INFO com.bank.service.AccountService [org.springframework.amqp.rabbit.RabbitListenerEndpointContainer#0-1] Login success for account '12345';
