2019-09-18 10:00:58,935 INFO com.bank.AtmApplication [main] Starting AtmApplication on Bonggals-MacBook-Pro.local with PID 1711 (/Users/bonggalbaringinsiahaan/Documents/G2Academy/Proyek/Project/Program3/target/classes started by bonggalbaringinsiahaan in /Users/bonggalbaringinsiahaan/Documents/G2Academy/Proyek/Project/Program3)
2019-09-18 10:00:58,940 DEBUG com.bank.AtmApplication [main] Running with Spring Boot v2.1.8.RELEASE, Spring v5.1.9.RELEASE
2019-09-18 10:00:58,941 INFO com.bank.AtmApplication [main] No active profile set, falling back to default profiles: default
2019-09-18 10:01:02,375 INFO com.bank.AtmApplication [main] Started AtmApplication in 3.833 seconds (JVM running for 9.686)
2019-09-18 10:08:38,506 INFO com.bank.service.TransferExternalService [http-nio-8081-exec-1] Receive transfer inquiry from account '23456', amount: '106500'
2019-09-18 10:08:40,690 INFO com.bank.service.TransferExternalService [http-nio-8081-exec-3] Receive transfer from account '23456', amount: '100000'
2019-09-18 10:10:13,211 INFO com.bank.service.TransferExternalService [http-nio-8081-exec-4] Receive transfer inquiry from account '23456', amount: '7500'
2019-09-18 10:10:14,967 INFO com.bank.service.TransferExternalService [http-nio-8081-exec-5] Receive transfer from account '23456', amount: '1000'
2019-09-18 10:11:47,520 INFO com.bank.service.TransferExternalService [http-nio-8081-exec-6] Receive transfer inquiry from account '23456', amount: '29956'
2019-09-18 10:11:49,054 INFO com.bank.service.TransferExternalService [http-nio-8081-exec-7] Receive transfer from account '23456', amount: '23456'
2019-09-18 10:12:04,292 INFO com.bank.service.TransferExternalService [http-nio-8081-exec-9] Receive transfer inquiry from account '12345', amount: '106500'
2019-09-18 11:24:23,668 INFO com.bank.service.TransferExternalService [http-nio-8081-exec-10] Receive transfer inquiry from account '12345', amount: '11500'
2019-09-18 11:24:39,412 INFO com.bank.service.TransferExternalService [http-nio-8081-exec-1] Receive transfer from account '12345', amount: '5000'
2019-09-18 15:26:44,628 INFO com.bank.AtmApplication [main] Starting AtmApplication on Bonggals-MacBook-Pro.local with PID 57110 (/Users/bonggalbaringinsiahaan/Documents/G2Academy/Proyek/Project/Program3/target/classes started by bonggalbaringinsiahaan in /Users/bonggalbaringinsiahaan/Documents/G2Academy/Proyek/Project/Program3)
2019-09-18 15:26:44,629 DEBUG com.bank.AtmApplication [main] Running with Spring Boot v2.1.8.RELEASE, Spring v5.1.9.RELEASE
2019-09-18 15:26:44,629 INFO com.bank.AtmApplication [main] No active profile set, falling back to default profiles: default
2019-09-18 15:26:47,644 INFO com.bank.AtmApplication [main] Started AtmApplication in 3.26 seconds (JVM running for 8.974)
2019-09-18 15:27:54,521 INFO com.bank.AtmApplication [main] Starting AtmApplication on Bonggals-MacBook-Pro.local with PID 57357 (/Users/bonggalbaringinsiahaan/Documents/G2Academy/Proyek/Project/Program3/target/classes started by bonggalbaringinsiahaan in /Users/bonggalbaringinsiahaan/Documents/G2Academy/Proyek/Project/Program3)
2019-09-18 15:27:54,523 DEBUG com.bank.AtmApplication [main] Running with Spring Boot v2.1.8.RELEASE, Spring v5.1.9.RELEASE
2019-09-18 15:27:54,523 INFO com.bank.AtmApplication [main] No active profile set, falling back to default profiles: default
2019-09-18 15:27:57,552 INFO com.bank.AtmApplication [main] Started AtmApplication in 3.277 seconds (JVM running for 8.97)
